<?xml version="1.0" encoding="UTF-8"?>
<checkstyle version="6.11.2">
<file name="/home/alok/Tools/netbeans8.1_workspace/SampleProject/src/main/java/com/imos/sample/sampleproject/NewClass.java">
<error line="0" severity="error" message="Missing package-info.java file." source="com.puppycrawl.tools.checkstyle.checks.javadoc.JavadocPackageCheck"/>
<error line="6" severity="error" message="&apos;package&apos; should be separated from previous statement." source="com.puppycrawl.tools.checkstyle.checks.whitespace.EmptyLineSeparatorCheck"/>
<error line="6" column="24" severity="error" message="Missing an import control file." source="com.puppycrawl.tools.checkstyle.checks.imports.ImportControlCheck"/>
<error line="8" severity="error" message="First sentence of Javadoc is incomplete (period is missing) or not present." source="com.puppycrawl.tools.checkstyle.checks.javadoc.SummaryJavadocCheck"/>
<error line="10" severity="info" message="@author=alok" source="com.puppycrawl.tools.checkstyle.checks.javadoc.WriteTagCheck"/>
<error line="14" severity="error" message="First sentence of Javadoc is incomplete (period is missing) or not present." source="com.puppycrawl.tools.checkstyle.checks.javadoc.SummaryJavadocCheck"/>
<error line="20" severity="error" message="First sentence of Javadoc is incomplete (period is missing) or not present." source="com.puppycrawl.tools.checkstyle.checks.javadoc.SummaryJavadocCheck"/>
<error line="22" severity="error" message="At-clause should have a non-empty description." source="com.puppycrawl.tools.checkstyle.checks.javadoc.NonEmptyAtclauseDescriptionCheck"/>
<error line="24" column="45" severity="error" message="Expected @param tag for &apos;args&apos;." source="com.puppycrawl.tools.checkstyle.checks.javadoc.JavadocMethodCheck"/>
<error line="25" column="16" severity="error" message="Variable &apos;n&apos; should be declared final." source="com.puppycrawl.tools.checkstyle.checks.coding.FinalLocalVariableCheck"/>
</file>
<file name="/home/alok/Tools/netbeans8.1_workspace/SampleProject/src/main/java/com/imos/sample/sampleproject/NewClass1.java">
<error line="6" severity="error" message="&apos;package&apos; should be separated from previous statement." source="com.puppycrawl.tools.checkstyle.checks.whitespace.EmptyLineSeparatorCheck"/>
<error line="6" column="24" severity="error" message="Missing an import control file." source="com.puppycrawl.tools.checkstyle.checks.imports.ImportControlCheck"/>
<error line="8" severity="error" message="First sentence of Javadoc is incomplete (period is missing) or not present." source="com.puppycrawl.tools.checkstyle.checks.javadoc.SummaryJavadocCheck"/>
<error line="10" severity="info" message="@author=alok" source="com.puppycrawl.tools.checkstyle.checks.javadoc.WriteTagCheck"/>
<error line="14" severity="error" message="&apos;method def modifier&apos; have incorrect indentation level 3, expected level should be 4." source="com.puppycrawl.tools.checkstyle.checks.indentation.IndentationCheck"/>
<error line="14" column="4" severity="error" message="Method &apos;m&apos; is not designed for extension - needs to be abstract, final or empty." source="com.puppycrawl.tools.checkstyle.checks.design.DesignForExtensionCheck"/>
<error line="14" column="4" severity="error" message="Missing a Javadoc comment." source="com.puppycrawl.tools.checkstyle.checks.javadoc.JavadocMethodCheck"/>
<error line="15" severity="error" message="&apos;method call&apos; child have incorrect indentation level 7, expected level should be 8." source="com.puppycrawl.tools.checkstyle.checks.indentation.IndentationCheck"/>
<error line="15" severity="error" message="&apos;method def&apos; child have incorrect indentation level 7, expected level should be 8." source="com.puppycrawl.tools.checkstyle.checks.indentation.IndentationCheck"/>
<error line="15" column="27" severity="error" message="The String &quot;s&quot; appears 3 times in the file." source="com.puppycrawl.tools.checkstyle.checks.coding.MultipleStringLiteralsCheck"/>
<error line="16" severity="error" message="&apos;method call&apos; child have incorrect indentation level 7, expected level should be 8." source="com.puppycrawl.tools.checkstyle.checks.indentation.IndentationCheck"/>
<error line="16" severity="error" message="&apos;method def&apos; child have incorrect indentation level 7, expected level should be 8." source="com.puppycrawl.tools.checkstyle.checks.indentation.IndentationCheck"/>
<error line="17" severity="error" message="&apos;method call&apos; child have incorrect indentation level 7, expected level should be 8." source="com.puppycrawl.tools.checkstyle.checks.indentation.IndentationCheck"/>
<error line="17" severity="error" message="&apos;method def&apos; child have incorrect indentation level 7, expected level should be 8." source="com.puppycrawl.tools.checkstyle.checks.indentation.IndentationCheck"/>
<error line="19" severity="error" message="&apos;try&apos; have incorrect indentation level 7, expected level should be 8." source="com.puppycrawl.tools.checkstyle.checks.indentation.IndentationCheck"/>
<error line="20" severity="error" message="&apos;method call&apos; child have incorrect indentation level 11, expected level should be 12." source="com.puppycrawl.tools.checkstyle.checks.indentation.IndentationCheck"/>
<error line="20" severity="error" message="&apos;try&apos; child have incorrect indentation level 11, expected level should be 12." source="com.puppycrawl.tools.checkstyle.checks.indentation.IndentationCheck"/>
<error line="21" severity="error" message="&apos;try rcurly&apos; have incorrect indentation level 7, expected level should be 8." source="com.puppycrawl.tools.checkstyle.checks.indentation.IndentationCheck"/>
<error line="21" column="8" severity="error" message="&apos;}&apos; at column 8 should be on the same line as the next part of a multi-block statement." source="com.puppycrawl.tools.checkstyle.checks.blocks.RightCurlyCheck"/>
<error line="22" severity="error" message="&apos;catch&apos; have incorrect indentation level 7, expected level should be 8." source="com.puppycrawl.tools.checkstyle.checks.indentation.IndentationCheck"/>
<error line="22" severity="error" message="Empty catch block." source="com.puppycrawl.tools.checkstyle.checks.blocks.EmptyCatchBlockCheck"/>
<error line="22" column="8" severity="error" message="Catching &apos;Exception&apos; is not allowed." source="com.puppycrawl.tools.checkstyle.checks.coding.IllegalCatchCheck"/>
<error line="22" column="25" severity="error" message="Variable &apos;e&apos; should be declared final." source="com.puppycrawl.tools.checkstyle.checks.coding.FinalLocalVariableCheck"/>
<error line="23" severity="error" message="&apos;catch rcurly&apos; have incorrect indentation level 7, expected level should be 8." source="com.puppycrawl.tools.checkstyle.checks.indentation.IndentationCheck"/>
<error line="24" severity="error" message="&apos;method def rcurly&apos; have incorrect indentation level 3, expected level should be 4." source="com.puppycrawl.tools.checkstyle.checks.indentation.IndentationCheck"/>
</file>
</checkstyle>
